{
  "RSpec": {
    "coverage": {
      "/Users/jww/turing/2module/classwork/make_it_work/config/environment.rb": {
        "lines": [
          null,
          1,
          null,
          null,
          1
        ]
      },
      "/Users/jww/turing/2module/classwork/make_it_work/config/application.rb": {
        "lines": [
          1,
          null,
          1,
          null,
          1,
          1,
          1,
          1,
          1,
          1,
          1,
          1,
          1,
          null,
          null,
          null,
          null,
          1,
          null,
          1,
          1,
          null,
          1,
          null,
          null,
          null,
          null,
          null,
          null,
          null,
          1,
          null,
          null
        ]
      },
      "/Users/jww/turing/2module/classwork/make_it_work/config/boot.rb": {
        "lines": [
          1,
          null,
          1,
          1
        ]
      },
      "/Users/jww/turing/2module/classwork/make_it_work/config/environments/test.rb": {
        "lines": [
          1,
          null,
          null,
          null,
          null,
          null,
          null,
          1,
          null,
          null,
          null,
          null,
          1,
          null,
          null,
          1,
          1,
          null,
          null,
          null,
          null,
          1,
          1,
          null,
          null,
          1,
          null,
          null,
          1,
          null,
          null,
          1,
          null,
          1,
          null,
          null,
          null,
          null,
          1,
          null,
          null,
          1,
          null,
          null,
          null,
          null
        ]
      },
      "/Users/jww/turing/2module/classwork/make_it_work/config/initializers/application_controller_renderer.rb": {
        "lines": [
          null,
          null,
          null,
          null,
          null,
          null,
          null,
          null
        ]
      },
      "/Users/jww/turing/2module/classwork/make_it_work/config/initializers/assets.rb": {
        "lines": [
          null,
          null,
          null,
          1,
          null,
          null,
          null,
          null,
          1,
          null,
          null,
          null,
          null,
          null
        ]
      },
      "/Users/jww/turing/2module/classwork/make_it_work/config/initializers/backtrace_silencers.rb": {
        "lines": [
          null,
          null,
          null,
          null,
          null,
          null,
          null
        ]
      },
      "/Users/jww/turing/2module/classwork/make_it_work/config/initializers/content_security_policy.rb": {
        "lines": [
          null,
          null,
          null,
          null,
          null,
          null,
          null,
          null,
          null,
          null,
          null,
          null,
          null,
          null,
          null,
          null,
          null,
          null,
          null,
          null,
          null,
          null,
          null,
          null,
          null
        ]
      },
      "/Users/jww/turing/2module/classwork/make_it_work/config/initializers/cookies_serializer.rb": {
        "lines": [
          null,
          null,
          null,
          null,
          1
        ]
      },
      "/Users/jww/turing/2module/classwork/make_it_work/config/initializers/filter_parameter_logging.rb": {
        "lines": [
          null,
          null,
          null,
          1
        ]
      },
      "/Users/jww/turing/2module/classwork/make_it_work/config/initializers/inflections.rb": {
        "lines": [
          null,
          null,
          null,
          null,
          null,
          null,
          null,
          null,
          null,
          null,
          null,
          null,
          null,
          null,
          null,
          null
        ]
      },
      "/Users/jww/turing/2module/classwork/make_it_work/config/initializers/mime_types.rb": {
        "lines": [
          null,
          null,
          null,
          null
        ]
      },
      "/Users/jww/turing/2module/classwork/make_it_work/config/initializers/wrap_parameters.rb": {
        "lines": [
          null,
          null,
          null,
          null,
          null,
          null,
          1,
          2,
          null,
          null,
          null,
          null,
          null,
          null
        ]
      },
      "/Users/jww/turing/2module/classwork/make_it_work/config/routes.rb": {
        "lines": [
          1,
          1,
          1,
          null
        ]
      },
      "/Users/jww/turing/2module/classwork/make_it_work/app/helpers/application_helper.rb": {
        "lines": [
          1,
          null
        ]
      },
      "/Users/jww/turing/2module/classwork/make_it_work/spec/features/project_show_page_spec.rb": {
        "lines": [
          1,
          null,
          1,
          1,
          1,
          1,
          null,
          1,
          1,
          null,
          1,
          null,
          null,
          null,
          null,
          null,
          1,
          null,
          null,
          null,
          null,
          null,
          null,
          1,
          1,
          1,
          null,
          1,
          1,
          1,
          1,
          null,
          null,
          null
        ]
      },
      "/Users/jww/turing/2module/classwork/make_it_work/spec/features/projects/project_show_page_average_contestant_age_spec.rb": {
        "lines": [
          1,
          null,
          1,
          1,
          1,
          1,
          null,
          1,
          1,
          null,
          1,
          null,
          null,
          null,
          null,
          null,
          1,
          null,
          null,
          null,
          null,
          null,
          1,
          null,
          1,
          null,
          null,
          1,
          1,
          1,
          null,
          1,
          1,
          1,
          1,
          1,
          1,
          null,
          null,
          null
        ]
      },
      "/Users/jww/turing/2module/classwork/make_it_work/spec/features/projects/project_show_page_number_contestants_spec.rb": {
        "lines": [
          1,
          null,
          1,
          1,
          1,
          1,
          null,
          1,
          1,
          null,
          1,
          null,
          null,
          null,
          null,
          null,
          1,
          null,
          null,
          null,
          null,
          null,
          1,
          null,
          1,
          null,
          null,
          1,
          1,
          1,
          null,
          1,
          1,
          1,
          1,
          1,
          null,
          null,
          null
        ]
      },
      "/Users/jww/turing/2module/classwork/make_it_work/spec/models/challenge_spec.rb": {
        "lines": [
          1,
          null,
          1,
          1,
          2,
          2,
          null,
          null,
          1,
          2,
          null,
          null
        ]
      },
      "/Users/jww/turing/2module/classwork/make_it_work/app/models/challenge.rb": {
        "lines": [
          1,
          1,
          1,
          null
        ]
      },
      "/Users/jww/turing/2module/classwork/make_it_work/app/models/application_record.rb": {
        "lines": [
          1,
          1,
          null
        ]
      },
      "/Users/jww/turing/2module/classwork/make_it_work/spec/models/contestant_project_spec.rb": {
        "lines": [
          1,
          null,
          null,
          1,
          1,
          2,
          2,
          null,
          null
        ]
      },
      "/Users/jww/turing/2module/classwork/make_it_work/app/models/contestant_project.rb": {
        "lines": [
          1,
          1,
          1,
          null
        ]
      },
      "/Users/jww/turing/2module/classwork/make_it_work/spec/models/contestant_spec.rb": {
        "lines": [
          1,
          null,
          null,
          1,
          1,
          2,
          2,
          2,
          2,
          null,
          null,
          1,
          2,
          2,
          null,
          null
        ]
      },
      "/Users/jww/turing/2module/classwork/make_it_work/app/models/contestant.rb": {
        "lines": [
          1,
          1,
          1,
          1,
          null
        ]
      },
      "/Users/jww/turing/2module/classwork/make_it_work/spec/models/project_average_experience_spec.rb": {
        "lines": [
          1,
          null,
          1,
          1,
          1,
          1,
          null,
          1,
          1,
          null,
          1,
          null,
          null,
          null,
          null,
          null,
          1,
          null,
          null,
          null,
          null,
          null,
          1,
          null,
          1,
          null,
          null,
          1,
          1,
          1,
          null,
          null,
          null
        ]
      },
      "/Users/jww/turing/2module/classwork/make_it_work/app/models/project.rb": {
        "lines": [
          1,
          1,
          1,
          1,
          1,
          null,
          1,
          4,
          null,
          null
        ]
      },
      "/Users/jww/turing/2module/classwork/make_it_work/spec/models/project_spec.rb": {
        "lines": [
          1,
          null,
          null,
          1,
          1,
          2,
          2,
          null,
          null,
          1,
          2,
          2,
          2,
          null,
          null
        ]
      },
      "/Users/jww/turing/2module/classwork/make_it_work/app/controllers/contestants_controller.rb": {
        "lines": [
          1,
          1,
          1,
          null,
          null
        ]
      },
      "/Users/jww/turing/2module/classwork/make_it_work/app/controllers/application_controller.rb": {
        "lines": [
          1,
          null
        ]
      },
      "/Users/jww/turing/2module/classwork/make_it_work/app/controllers/projects_controller.rb": {
        "lines": [
          1,
          1,
          3,
          null,
          null
        ]
      }
    },
    "timestamp": 1581098388
  }
}
